c:\users\toop2\source\repos\알고리즘\01.쿼드트리뒤집기\x64\debug\vc141.pdb
c:\users\toop2\source\repos\알고리즘\01.쿼드트리뒤집기\x64\debug\vc141.idb
c:\users\toop2\source\repos\알고리즘\01.쿼드트리뒤집기\x64\debug\최종제출본.obj
c:\users\toop2\source\repos\알고리즘\01.쿼드트리뒤집기\x64\debug\안전영역.obj
c:\users\toop2\source\repos\알고리즘\01.쿼드트리뒤집기\x64\debug\순열싸이클_01.obj
c:\users\toop2\source\repos\알고리즘\01.쿼드트리뒤집기\x64\debug\순열싸이클_02.obj
c:\users\toop2\source\repos\알고리즘\01.쿼드트리뒤집기\x64\debug\최소비용구하기.obj
c:\users\toop2\source\repos\알고리즘\x64\debug\알고리즘 과제.exe
c:\users\toop2\source\repos\알고리즘\x64\debug\알고리즘 과제.ilk
c:\users\toop2\source\repos\알고리즘\x64\debug\알고리즘 과제.pdb
c:\users\toop2\source\repos\알고리즘\01.쿼드트리뒤집기\x64\debug\01.쿼드트리뒤집기.obj
c:\users\toop2\source\repos\알고리즘\01.쿼드트리뒤집기\x64\debug\1.1쿼드트리뒤집기.obj
c:\users\toop2\source\repos\알고리즘\01.쿼드트리뒤집기\x64\debug\aaa.obj
c:\users\toop2\source\repos\알고리즘\01.쿼드트리뒤집기\x64\debug\colored_paper.obj
c:\users\toop2\source\repos\알고리즘\01.쿼드트리뒤집기\x64\debug\mama.obj
c:\users\toop2\source\repos\알고리즘\01.쿼드트리뒤집기\x64\debug\mamamsdkjsdf.obj
c:\users\toop2\source\repos\알고리즘\01.쿼드트리뒤집기\x64\debug\quadtree.obj
c:\users\toop2\source\repos\알고리즘\01.쿼드트리뒤집기\x64\debug\sdjkfbxca.obj
c:\users\toop2\source\repos\알고리즘\01.쿼드트리뒤집기\x64\debug\star.obj
c:\users\toop2\source\repos\알고리즘\01.쿼드트리뒤집기\x64\debug\test.obj
c:\users\toop2\source\repos\알고리즘\01.쿼드트리뒤집기\x64\debug\testcpp.obj
c:\users\toop2\source\repos\알고리즘\01.쿼드트리뒤집기\x64\debug\what.obj
c:\users\toop2\source\repos\알고리즘\01.쿼드트리뒤집기\x64\debug\znje.obj
c:\users\toop2\source\repos\알고리즘\01.쿼드트리뒤집기\x64\debug\별찍기.obj
c:\users\toop2\source\repos\알고리즘\01.쿼드트리뒤집기\x64\debug\별찍기_답지.obj
c:\users\toop2\source\repos\알고리즘\01.쿼드트리뒤집기\x64\debug\씨발.obj
c:\users\toop2\source\repos\알고리즘\01.쿼드트리뒤집기\x64\debug\영역구하기.obj
c:\users\toop2\source\repos\알고리즘\01.쿼드트리뒤집기\x64\debug\제출.obj
c:\users\toop2\source\repos\알고리즘\01.쿼드트리뒤집기\x64\debug\쿼드트리.obj
c:\users\toop2\source\repos\알고리즘\01.쿼드트리뒤집기\x64\debug\쿼드트리_답지.obj
c:\users\toop2\source\repos\알고리즘\01.쿼드트리뒤집기\x64\debug\colored_paper.obj.enc
c:\users\toop2\source\repos\알고리즘\01.쿼드트리뒤집기\x64\debug\what.obj.enc
c:\users\toop2\source\repos\알고리즘\01.쿼드트리뒤집기\x64\debug\순열싸이클_01.obj.enc
c:\users\toop2\source\repos\알고리즘\01.쿼드트리뒤집기\x64\debug\순열싸이클_02.obj.enc
c:\users\toop2\source\repos\알고리즘\01.쿼드트리뒤집기\x64\debug\안전영역.new.obj.enc
c:\users\toop2\source\repos\알고리즘\01.쿼드트리뒤집기\x64\debug\알고리즘 과제.tlog\cl.command.1.tlog
c:\users\toop2\source\repos\알고리즘\01.쿼드트리뒤집기\x64\debug\알고리즘 과제.tlog\cl.read.1.tlog
c:\users\toop2\source\repos\알고리즘\01.쿼드트리뒤집기\x64\debug\알고리즘 과제.tlog\cl.write.1.tlog
c:\users\toop2\source\repos\알고리즘\01.쿼드트리뒤집기\x64\debug\알고리즘 과제.tlog\link.command.1.tlog
c:\users\toop2\source\repos\알고리즘\01.쿼드트리뒤집기\x64\debug\알고리즘 과제.tlog\link.read.1.tlog
c:\users\toop2\source\repos\알고리즘\01.쿼드트리뒤집기\x64\debug\알고리즘 과제.tlog\link.write.1.tlog
